nohup: ignoring input
ðŸ›¡ï¸ AI Guard: Watcher Mode Aktif. Menunggu perubahan file...
Setting up watches.  Beware: since -r was given, this may take a while!
Watches established.
./ MODIFY watcher.log
âš¡ Perubahan terdeteksi! Memulai prosedur autopilot...
ðŸš€ NeuroSphere Autopilot Started...
[dotenv@17.2.3] injecting env (3) from .env -- tip: âš™ï¸  override existing env vars with { override: true }
ðŸ“¡ AI Guard: Memulai transmisi ke Cloud...
âœ… SUCCESS: 5 Genesis IID telah terdaftar di Supabase.
[master c5b232d7] Auto-Update: 2026-01-28 19:21:41 [System Generated]
 3 files changed, 36 insertions(+)
 create mode 100755 auto-pilot.sh
 create mode 100644 watcher.log
 create mode 100755 watcher.sh
To https://github.com/Bemmagz/indienation-neurosphere.git
   1d29b77d..c5b232d7  master -> master
node:events:497
      throw er; // Unhandled 'error' event
      ^

Error: EBADF: bad file descriptor, read
Emitted 'error' event on ReadStream instance at:
    at emitErrorNT (node:internal/streams/destroy:170:8)
    at errorOrDestroy (node:internal/streams/destroy:239:7)
    at node:internal/fs/streams:275:9
    at FSReqCallback.wrapper [as oncomplete] (node:fs:671:5) {
  errno: -9,
  code: 'EBADF',
  syscall: 'read'
}

Node.js v22.20.0
âœ… Deployment Complete. No manual action required.
Setting up watches.  Beware: since -r was given, this may take a while!
Watches established.
./ MODIFY watcher.log
âš¡ Perubahan terdeteksi! Memulai prosedur autopilot...
ðŸš€ NeuroSphere Autopilot Started...
[dotenv@17.2.3] injecting env (3) from .env -- tip: âš™ï¸  override existing env vars with { override: true }
ðŸ“¡ AI Guard: Memulai transmisi ke Cloud...
âœ… SUCCESS: 5 Genesis IID telah terdaftar di Supabase.
[master 19bbea23] Auto-Update: 2026-01-28 19:22:13 [System Generated]
 2 files changed, 35 insertions(+)
 create mode 100644 README.md
To https://github.com/Bemmagz/indienation-neurosphere.git
   c5b232d7..19bbea23  master -> master
node:events:497
      throw er; // Unhandled 'error' event
      ^

Error: EBADF: bad file descriptor, read
Emitted 'error' event on ReadStream instance at:
    at emitErrorNT (node:internal/streams/destroy:170:8)
    at errorOrDestroy (node:internal/streams/destroy:239:7)
    at node:internal/fs/streams:275:9
    at FSReqCallback.wrapper [as oncomplete] (node:fs:671:5) {
  errno: -9,
  code: 'EBADF',
  syscall: 'read'
}

Node.js v22.20.0
âœ… Deployment Complete. No manual action required.
Setting up watches.  Beware: since -r was given, this may take a while!
Watches established.
./ MODIFY watcher.log
âš¡ Perubahan terdeteksi! Memulai prosedur autopilot...
ðŸš€ NeuroSphere Autopilot Started...
[dotenv@17.2.3] injecting env (3) from .env -- tip: âœ… audit secrets and track compliance: https://dotenvx.com/ops
ðŸ“¡ AI Guard: Memulai transmisi ke Cloud...
âœ… SUCCESS: 5 Genesis IID telah terdaftar di Supabase.
