✅ [Thu Dec 25 07:24:57 WIB 2025] GitHub push completed.
✅ [Thu Dec 25 07:27:44 WIB 2025] Vercel deploy done: https://neurosphere-osi-final-dgmzqci10-neuro2.vercel.app
💎 Ledger Instant Update: Supply=100000000000000 ENPE, LUV Distributed=0M
📡 Node https://pioneer1.neuro2.app/api/update responded: 
📡 Node https://pioneer2.neuro2.app/api/update responded: 
📡 Node https://pioneer3.neuro2.app/api/update responded: 
💰 LUV rewards distributed instantly to connected wallets...
==========================================================
🎯 Ultra-Instant Auto-Sync cycle finished at Thu Dec 25 07:27:45 WIB 2025
🔗 Live URL: https://neurosphere-osi-final-dgmzqci10-neuro2.vercel.app
==========================================================
✅ [Thu Dec 25 07:27:47 WIB 2025] GitHub push completed.
✅ [Thu Dec 25 07:30:33 WIB 2025] Vercel deploy done: https://neurosphere-osi-final-czvjs0ygg-neuro2.vercel.app
💎 Ledger Instant Update: Supply=100000000000000 ENPE, LUV Distributed=0M
📡 Node https://pioneer1.neuro2.app/api/update responded: 
📡 Node https://pioneer2.neuro2.app/api/update responded: 
📡 Node https://pioneer3.neuro2.app/api/update responded: 
💰 LUV rewards distributed instantly to connected wallets...
==========================================================
🎯 Ultra-Instant Auto-Sync cycle finished at Thu Dec 25 07:30:33 WIB 2025
🔗 Live URL: https://neurosphere-osi-final-czvjs0ygg-neuro2.vercel.app
==========================================================
✅ [Thu Dec 25 07:30:36 WIB 2025] GitHub push completed.
✅ [Thu Dec 25 07:33:07 WIB 2025] Vercel deploy done: https://neurosphere-osi-final-dqwotzcir-neuro2.vercel.app
💎 Ledger Instant Update: Supply=100000000000000 ENPE, LUV Distributed=0M
📡 Node https://pioneer1.neuro2.app/api/update responded: 
📡 Node https://pioneer2.neuro2.app/api/update responded: 
📡 Node https://pioneer3.neuro2.app/api/update responded: 
💰 LUV rewards distributed instantly to connected wallets...
==========================================================
🎯 Ultra-Instant Auto-Sync cycle finished at Thu Dec 25 07:33:07 WIB 2025
🔗 Live URL: https://neurosphere-osi-final-dqwotzcir-neuro2.vercel.app
==========================================================
✅ [Thu Dec 25 07:33:09 WIB 2025] GitHub push completed.
✅ [Thu Dec 25 07:36:21 WIB 2025] Vercel deploy done: https://neurosphere-osi-final-5m5uaaax8-neuro2.vercel.app
💎 Ledger Instant Update: Supply=100000000000000 ENPE, LUV Distributed=0M
📡 Node https://pioneer1.neuro2.app/api/update responded: 
📡 Node https://pioneer2.neuro2.app/api/update responded: 
📡 Node https://pioneer3.neuro2.app/api/update responded: 
💰 LUV rewards distributed instantly to connected wallets...
==========================================================
🎯 Ultra-Instant Auto-Sync cycle finished at Thu Dec 25 07:36:21 WIB 2025
🔗 Live URL: https://neurosphere-osi-final-5m5uaaax8-neuro2.vercel.app
==========================================================
✅ [Thu Dec 25 07:36:24 WIB 2025] GitHub push completed.
✅ [Thu Dec 25 07:39:51 WIB 2025] Vercel deploy done: https://neurosphere-osi-final-hrdosrrgk-neuro2.vercel.app
💎 Ledger Instant Update: Supply=100000000000000 ENPE, LUV Distributed=0M
📡 Node https://pioneer1.neuro2.app/api/update responded: 
📡 Node https://pioneer2.neuro2.app/api/update responded: 
📡 Node https://pioneer3.neuro2.app/api/update responded: 
💰 LUV rewards distributed instantly to connected wallets...
==========================================================
🎯 Ultra-Instant Auto-Sync cycle finished at Thu Dec 25 07:39:51 WIB 2025
🔗 Live URL: https://neurosphere-osi-final-hrdosrrgk-neuro2.vercel.app
==========================================================
✅ [Thu Dec 25 07:39:54 WIB 2025] GitHub push completed.
✅ [Thu Dec 25 07:42:41 WIB 2025] Vercel deploy done: https://neurosphere-osi-final-gwd7li9qk-neuro2.vercel.app
💎 Ledger Instant Update: Supply=100000000000000 ENPE, LUV Distributed=0M
📡 Node https://pioneer1.neuro2.app/api/update responded: 
📡 Node https://pioneer2.neuro2.app/api/update responded: 
📡 Node https://pioneer3.neuro2.app/api/update responded: 
💰 LUV rewards distributed instantly to connected wallets...
==========================================================
🎯 Ultra-Instant Auto-Sync cycle finished at Thu Dec 25 07:42:41 WIB 2025
🔗 Live URL: https://neurosphere-osi-final-gwd7li9qk-neuro2.vercel.app
==========================================================
✅ [Thu Dec 25 07:42:44 WIB 2025] GitHub push completed.
✅ [Thu Dec 25 07:45:45 WIB 2025] Vercel deploy done: https://neurosphere-osi-final-gzbxm43l1-neuro2.vercel.app
💎 Ledger Instant Update: Supply=100000000000000 ENPE, LUV Distributed=0M
📡 Node https://pioneer1.neuro2.app/api/update responded: 
📡 Node https://pioneer2.neuro2.app/api/update responded: 
📡 Node https://pioneer3.neuro2.app/api/update responded: 
💰 LUV rewards distributed instantly to connected wallets...
==========================================================
🎯 Ultra-Instant Auto-Sync cycle finished at Thu Dec 25 07:45:46 WIB 2025
🔗 Live URL: https://neurosphere-osi-final-gzbxm43l1-neuro2.vercel.app
==========================================================
✅ [Thu Dec 25 07:45:48 WIB 2025] GitHub push completed.
✅ [Thu Dec 25 07:49:05 WIB 2025] Vercel deploy done: https://neurosphere-osi-final-eo1rc5a22-neuro2.vercel.app
💎 Ledger Instant Update: Supply=100000000000000 ENPE, LUV Distributed=0M
📡 Node https://pioneer1.neuro2.app/api/update responded: 
📡 Node https://pioneer2.neuro2.app/api/update responded: 
📡 Node https://pioneer3.neuro2.app/api/update responded: 
💰 LUV rewards distributed instantly to connected wallets...
==========================================================
🎯 Ultra-Instant Auto-Sync cycle finished at Thu Dec 25 07:49:05 WIB 2025
🔗 Live URL: https://neurosphere-osi-final-eo1rc5a22-neuro2.vercel.app
==========================================================
✅ [Thu Dec 25 07:49:08 WIB 2025] GitHub push completed.
✅ [Thu Dec 25 07:53:38 WIB 2025] Vercel deploy done: https://neurosphere-osi-final-6ua22olri-neuro2.vercel.app
💎 Ledger Instant Update: Supply=100000000000000 ENPE, LUV Distributed=0M
📡 Node https://pioneer1.neuro2.app/api/update responded: 
📡 Node https://pioneer2.neuro2.app/api/update responded: 
📡 Node https://pioneer3.neuro2.app/api/update responded: 
💰 LUV rewards distributed instantly to connected wallets...
==========================================================
🎯 Ultra-Instant Auto-Sync cycle finished at Thu Dec 25 07:53:38 WIB 2025
🔗 Live URL: https://neurosphere-osi-final-6ua22olri-neuro2.vercel.app
==========================================================
✅ [Thu Dec 25 07:53:40 WIB 2025] GitHub push completed.
✅ [Thu Dec 25 07:57:08 WIB 2025] Vercel deploy done: https://neurosphere-osi-final-8hio0sum6-neuro2.vercel.app
💎 Ledger Instant Update: Supply=100000000000000 ENPE, LUV Distributed=0M
📡 Node https://pioneer1.neuro2.app/api/update responded: 
📡 Node https://pioneer2.neuro2.app/api/update responded: 
📡 Node https://pioneer3.neuro2.app/api/update responded: 
💰 LUV rewards distributed instantly to connected wallets...
==========================================================
🎯 Ultra-Instant Auto-Sync cycle finished at Thu Dec 25 07:57:08 WIB 2025
🔗 Live URL: https://neurosphere-osi-final-8hio0sum6-neuro2.vercel.app
==========================================================
✅ [Thu Dec 25 07:57:10 WIB 2025] GitHub push completed.
✅ [Thu Dec 25 08:00:30 WIB 2025] Vercel deploy done: https://neurosphere-osi-final-g2kupt0kl-neuro2.vercel.app
💎 Ledger Instant Update: Supply=100000000000000 ENPE, LUV Distributed=0M
📡 Node https://pioneer1.neuro2.app/api/update responded: 
📡 Node https://pioneer2.neuro2.app/api/update responded: 
📡 Node https://pioneer3.neuro2.app/api/update responded: 
💰 LUV rewards distributed instantly to connected wallets...
==========================================================
🎯 Ultra-Instant Auto-Sync cycle finished at Thu Dec 25 08:00:30 WIB 2025
🔗 Live URL: https://neurosphere-osi-final-g2kupt0kl-neuro2.vercel.app
==========================================================
✅ [Thu Dec 25 08:00:33 WIB 2025] GitHub push completed.
✅ [Thu Dec 25 08:04:01 WIB 2025] Vercel deploy done: https://neurosphere-osi-final-f9okz8is4-neuro2.vercel.app
💎 Ledger Instant Update: Supply=100000000000000 ENPE, LUV Distributed=0M
📡 Node https://pioneer1.neuro2.app/api/update responded: 
📡 Node https://pioneer2.neuro2.app/api/update responded: 
📡 Node https://pioneer3.neuro2.app/api/update responded: 
💰 LUV rewards distributed instantly to connected wallets...
==========================================================
🎯 Ultra-Instant Auto-Sync cycle finished at Thu Dec 25 08:04:02 WIB 2025
🔗 Live URL: https://neurosphere-osi-final-f9okz8is4-neuro2.vercel.app
==========================================================
✅ [Thu Dec 25 08:04:07 WIB 2025] GitHub push completed.
✅ [Thu Dec 25 08:07:24 WIB 2025] Vercel deploy done: https://neurosphere-osi-final-es3nhblyc-neuro2.vercel.app
💎 Ledger Instant Update: Supply=100000000000000 ENPE, LUV Distributed=0M
📡 Node https://pioneer1.neuro2.app/api/update responded: 
📡 Node https://pioneer2.neuro2.app/api/update responded: 
📡 Node https://pioneer3.neuro2.app/api/update responded: 
💰 LUV rewards distributed instantly to connected wallets...
==========================================================
🎯 Ultra-Instant Auto-Sync cycle finished at Thu Dec 25 08:07:24 WIB 2025
🔗 Live URL: https://neurosphere-osi-final-es3nhblyc-neuro2.vercel.app
==========================================================
✅ [Thu Dec 25 08:07:26 WIB 2025] GitHub push completed.
✅ [Thu Dec 25 08:11:16 WIB 2025] Vercel deploy done: https://neurosphere-osi-final-35btzlacj-neuro2.vercel.app
💎 Ledger Instant Update: Supply=100000000000000 ENPE, LUV Distributed=0M
📡 Node https://pioneer1.neuro2.app/api/update responded: 
📡 Node https://pioneer2.neuro2.app/api/update responded: 
📡 Node https://pioneer3.neuro2.app/api/update responded: 
💰 LUV rewards distributed instantly to connected wallets...
==========================================================
🎯 Ultra-Instant Auto-Sync cycle finished at Thu Dec 25 08:11:16 WIB 2025
🔗 Live URL: https://neurosphere-osi-final-35btzlacj-neuro2.vercel.app
==========================================================
✅ [Thu Dec 25 08:11:19 WIB 2025] GitHub push completed.
✅ [Thu Dec 25 08:14:53 WIB 2025] Vercel deploy done: https://neurosphere-osi-final-b7lcnocvv-neuro2.vercel.app
💎 Ledger Instant Update: Supply=100000000000000 ENPE, LUV Distributed=0M
📡 Node https://pioneer1.neuro2.app/api/update responded: 
📡 Node https://pioneer2.neuro2.app/api/update responded: 
📡 Node https://pioneer3.neuro2.app/api/update responded: 
💰 LUV rewards distributed instantly to connected wallets...
==========================================================
🎯 Ultra-Instant Auto-Sync cycle finished at Thu Dec 25 08:14:53 WIB 2025
🔗 Live URL: https://neurosphere-osi-final-b7lcnocvv-neuro2.vercel.app
==========================================================
✅ [Thu Dec 25 08:14:57 WIB 2025] GitHub push completed.
✅ [Thu Dec 25 08:18:46 WIB 2025] Vercel deploy done: https://neurosphere-osi-final-c8l97zrbl-neuro2.vercel.app
💎 Ledger Instant Update: Supply=100000000000000 ENPE, LUV Distributed=0M
📡 Node https://pioneer1.neuro2.app/api/update responded: 
📡 Node https://pioneer2.neuro2.app/api/update responded: 
📡 Node https://pioneer3.neuro2.app/api/update responded: 
💰 LUV rewards distributed instantly to connected wallets...
==========================================================
🎯 Ultra-Instant Auto-Sync cycle finished at Thu Dec 25 08:18:46 WIB 2025
🔗 Live URL: https://neurosphere-osi-final-c8l97zrbl-neuro2.vercel.app
==========================================================
