🚀 [Thu Dec 25 07:47:49 WIB 2025] Ultra-Instant Auto-Sync started...
✅ [Thu Dec 25 07:47:51 WIB 2025] GitHub push completed.
✅ [Thu Dec 25 07:52:06 WIB 2025] Vercel deploy done: https://neurosphere-osi-final-nojyy3pb4-neuro2.vercel.app
💎 Ledger Instant Update: Supply=100000000000000 ENPE, LUV Distributed=0M
💰 LUV rewards distributed instantly to connected wallets...
==========================================================
🎯 Ultra-Instant Auto-Sync cycle finished at Thu Dec 25 07:52:06 WIB 2025
🔗 Live URL: https://neurosphere-osi-final-nojyy3pb4-neuro2.vercel.app
==========================================================
✅ [Thu Dec 25 07:52:09 WIB 2025] GitHub push completed.
✅ [Thu Dec 25 07:55:51 WIB 2025] Vercel deploy done: https://neurosphere-osi-final-anfcdcjnb-neuro2.vercel.app
💎 Ledger Instant Update: Supply=100000000000000 ENPE, LUV Distributed=0M
💰 LUV rewards distributed instantly to connected wallets...
==========================================================
🎯 Ultra-Instant Auto-Sync cycle finished at Thu Dec 25 07:55:51 WIB 2025
🔗 Live URL: https://neurosphere-osi-final-anfcdcjnb-neuro2.vercel.app
==========================================================
✅ [Thu Dec 25 07:55:54 WIB 2025] GitHub push completed.
🚀 [Thu Dec 25 07:58:40 WIB 2025] Ultra-Instant Auto-Sync with Notifications started...
✅ [Thu Dec 25 07:58:43 WIB 2025] GitHub push completed.
✅ [Thu Dec 25 08:02:11 WIB 2025] Vercel deploy done: https://neurosphere-osi-final-d54ca7b3p-neuro2.vercel.app
💎 Ledger Instant Update: Supply=100000000000000 ENPE, LUV Distributed=0M
💰 LUV rewards distributed instantly to connected wallets...
==========================================================
🎯 Ultra-Instant Auto-Sync cycle finished at Thu Dec 25 08:02:11 WIB 2025
🔗 Live URL: https://neurosphere-osi-final-d54ca7b3p-neuro2.vercel.app
==========================================================
✅ [Thu Dec 25 08:02:13 WIB 2025] GitHub push completed.
✅ [Thu Dec 25 08:05:41 WIB 2025] Vercel deploy done: https://neurosphere-osi-final-agvi9zc55-neuro2.vercel.app
💎 Ledger Instant Update: Supply=100000000000000 ENPE, LUV Distributed=0M
💰 LUV rewards distributed instantly to connected wallets...
==========================================================
🎯 Ultra-Instant Auto-Sync cycle finished at Thu Dec 25 08:05:41 WIB 2025
🔗 Live URL: https://neurosphere-osi-final-agvi9zc55-neuro2.vercel.app
==========================================================
✅ [Thu Dec 25 08:05:44 WIB 2025] GitHub push completed.
